03-29-19T21:55:37 - INFO - This will get logged to a file called scrapping.log
03-29-19T21:55:37 - INFO - Starting scraping.py ...
03-29-19T21:55:37 - DEBUG - Found Car Make: /make/new,acura
03-29-19T21:55:37 - DEBUG - Found Car Make: /make/new,alfa-romeo
03-29-19T21:55:37 - DEBUG - Found Car Make: /make/new,aston-martin
03-29-19T21:55:37 - DEBUG - Found Car Make: /make/new,audi
03-29-19T21:55:37 - DEBUG - Found Car Make: /make/new,bentley
03-29-19T21:55:37 - DEBUG - Found Car Make: /make/new,bmw
03-29-19T21:55:37 - DEBUG - Found Car Make: /make/new,buick
03-29-19T21:55:37 - DEBUG - Found Car Make: /make/new,cadillac
03-29-19T21:55:37 - DEBUG - Found Car Make: /make/new,chevrolet
03-29-19T21:55:37 - DEBUG - Found Car Make: /make/new,chrysler
03-29-19T21:55:37 - DEBUG - Found Car Make: /make/new,dodge
03-29-19T21:55:37 - DEBUG - Found Car Make: /make/new,ferrari
03-29-19T21:55:37 - DEBUG - Found Car Make: /make/new,fiat
03-29-19T21:55:37 - DEBUG - Found Car Make: /make/new,ford
03-29-19T21:55:37 - DEBUG - Found Car Make: /make/new,genesis
03-29-19T21:55:37 - DEBUG - Found Car Make: /make/new,gmc
03-29-19T21:55:37 - DEBUG - Found Car Make: /make/new,honda
03-29-19T21:55:37 - DEBUG - Found Car Make: /make/new,hyundai
03-29-19T21:55:37 - DEBUG - Found Car Make: /make/new,infiniti
03-29-19T21:55:37 - DEBUG - Found Car Make: /make/new,jaguar
03-29-19T21:55:37 - DEBUG - Found Car Make: /make/new,jeep
03-29-19T21:55:37 - DEBUG - Found Car Make: /make/new,kia
03-29-19T21:55:37 - DEBUG - Found Car Make: /make/new,lamborghini
03-29-19T21:55:37 - DEBUG - Found Car Make: /make/new,land-rover
03-29-19T21:55:37 - DEBUG - Found Car Make: /make/new,lexus
03-29-19T21:55:37 - DEBUG - Found Car Make: /make/new,lincoln
03-29-19T21:55:37 - DEBUG - Found Car Make: /make/new,lotus
03-29-19T21:55:37 - DEBUG - Found Car Make: /make/new,maserati
03-29-19T21:55:37 - DEBUG - Found Car Make: /make/new,mazda
03-29-19T21:55:37 - DEBUG - Found Car Make: /make/new,mclaren
03-29-19T21:55:37 - DEBUG - Found Car Make: /make/new,mercedes-benz
03-29-19T21:55:37 - DEBUG - Found Car Make: /make/new,mini
03-29-19T21:55:37 - DEBUG - Found Car Make: /make/new,mitsubishi
03-29-19T21:55:37 - DEBUG - Found Car Make: /make/new,nissan
03-29-19T21:55:37 - DEBUG - Found Car Make: /make/new,porsche
03-29-19T21:55:37 - DEBUG - Found Car Make: /make/new,ram
03-29-19T21:55:37 - DEBUG - Found Car Make: /make/new,rolls-royce
03-29-19T21:55:37 - DEBUG - Found Car Make: /make/new,smart
03-29-19T21:55:37 - DEBUG - Found Car Make: /make/new,subaru
03-29-19T21:55:37 - DEBUG - Found Car Make: /make/new,tesla
03-29-19T21:55:37 - DEBUG - Found Car Make: /make/new,toyota
03-29-19T21:55:37 - DEBUG - Found Car Make: /make/new,volkswagen
03-29-19T21:55:37 - DEBUG - Found Car Make: /make/new,volvo
03-29-19T21:55:37 - INFO - Found 43 Car Makes
03-29-19T21:55:37 - INFO - Returning all_makes_list
03-29-19T21:55:37 - DEBUG - Using selector: SelectSelector
03-29-19T21:55:38 - DEBUG - Got response for: https://www.thecarconnection.com/make/new,acura
03-29-19T21:55:38 - DEBUG - Got response for: https://www.thecarconnection.com/make/new,aston-martin
03-29-19T21:55:38 - DEBUG - Got response for: https://www.thecarconnection.com/make/new,chevrolet
03-29-19T21:55:38 - DEBUG - Got response for: https://www.thecarconnection.com/make/new,mitsubishi
03-29-19T21:55:38 - DEBUG - Got response for: https://www.thecarconnection.com/make/new,alfa-romeo
03-29-19T21:55:38 - DEBUG - Got response for: https://www.thecarconnection.com/make/new,rolls-royce
03-29-19T21:55:38 - DEBUG - Got response for: https://www.thecarconnection.com/make/new,audi
03-29-19T21:55:38 - DEBUG - Got response for: https://www.thecarconnection.com/make/new,ram
03-29-19T21:55:38 - DEBUG - Got response for: https://www.thecarconnection.com/make/new,porsche
03-29-19T21:55:38 - DEBUG - Got response for: https://www.thecarconnection.com/make/new,bentley
03-29-19T21:55:38 - DEBUG - Got response for: https://www.thecarconnection.com/make/new,nissan
03-29-19T21:55:38 - DEBUG - Got response for: https://www.thecarconnection.com/make/new,bmw
03-29-19T21:55:38 - DEBUG - Got response for: https://www.thecarconnection.com/make/new,buick
03-29-19T21:55:38 - DEBUG - Got response for: https://www.thecarconnection.com/make/new,mini
03-29-19T21:55:38 - DEBUG - Got response for: https://www.thecarconnection.com/make/new,cadillac
03-29-19T21:55:38 - DEBUG - Got response for: https://www.thecarconnection.com/make/new,mercedes-benz
03-29-19T21:55:38 - DEBUG - Got response for: https://www.thecarconnection.com/make/new,mclaren
03-29-19T21:55:38 - DEBUG - Got response for: https://www.thecarconnection.com/make/new,chrysler
03-29-19T21:55:38 - DEBUG - Got response for: https://www.thecarconnection.com/make/new,mazda
03-29-19T21:55:38 - DEBUG - Got response for: https://www.thecarconnection.com/make/new,dodge
03-29-19T21:55:38 - DEBUG - Got response for: https://www.thecarconnection.com/make/new,maserati
03-29-19T21:55:38 - DEBUG - Got response for: https://www.thecarconnection.com/make/new,ferrari
03-29-19T21:55:38 - DEBUG - Got response for: https://www.thecarconnection.com/make/new,lotus
03-29-19T21:55:38 - DEBUG - Got response for: https://www.thecarconnection.com/make/new,fiat
03-29-19T21:55:38 - DEBUG - Got response for: https://www.thecarconnection.com/make/new,ford
03-29-19T21:55:38 - DEBUG - Got response for: https://www.thecarconnection.com/make/new,genesis
03-29-19T21:55:38 - DEBUG - Got response for: https://www.thecarconnection.com/make/new,lexus
03-29-19T21:55:38 - DEBUG - Got response for: https://www.thecarconnection.com/make/new,gmc
03-29-19T21:55:38 - DEBUG - Got response for: https://www.thecarconnection.com/make/new,lamborghini
03-29-19T21:55:38 - DEBUG - Got response for: https://www.thecarconnection.com/make/new,honda
03-29-19T21:55:38 - DEBUG - Got response for: https://www.thecarconnection.com/make/new,lincoln
03-29-19T21:55:38 - DEBUG - Got response for: https://www.thecarconnection.com/make/new,hyundai
03-29-19T21:55:38 - DEBUG - Got response for: https://www.thecarconnection.com/make/new,land-rover
03-29-19T21:55:38 - DEBUG - Got response for: https://www.thecarconnection.com/make/new,jaguar
03-29-19T21:55:38 - DEBUG - Got response for: https://www.thecarconnection.com/make/new,jeep
03-29-19T21:55:38 - DEBUG - Got response for: https://www.thecarconnection.com/make/new,toyota
03-29-19T21:55:38 - DEBUG - Got response for: https://www.thecarconnection.com/make/new,infiniti
03-29-19T21:55:38 - DEBUG - Got response for: https://www.thecarconnection.com/make/new,volkswagen
03-29-19T21:55:38 - DEBUG - Got response for: https://www.thecarconnection.com/make/new,subaru
03-29-19T21:55:38 - DEBUG - Got response for: https://www.thecarconnection.com/make/new,kia
03-29-19T21:55:38 - DEBUG - Got response for: https://www.thecarconnection.com/make/new,volvo
03-29-19T21:55:38 - DEBUG - Got response for: https://www.thecarconnection.com/make/new,tesla
03-29-19T21:55:38 - DEBUG - Got response for: https://www.thecarconnection.com/make/new,smart
03-29-19T21:55:38 - DEBUG - Found Make Model Combo: /cars/acura_rdx
03-29-19T21:55:38 - DEBUG - Found Make Model Combo: /cars/acura_mdx
03-29-19T21:55:38 - DEBUG - Found Make Model Combo: /cars/acura_tlx
03-29-19T21:55:38 - DEBUG - Found Make Model Combo: /cars/acura_ilx
03-29-19T21:55:38 - DEBUG - Found Make Model Combo: /cars/acura_nsx
03-29-19T21:55:38 - DEBUG - Found Make Model Combo: /cars/acura_rlx
03-29-19T21:55:38 - DEBUG - Found Make Model Combo: /cars/alfa-romeo_4c
03-29-19T21:55:38 - DEBUG - Found Make Model Combo: /cars/alfa-romeo_giulia
03-29-19T21:55:38 - DEBUG - Found Make Model Combo: /cars/alfa-romeo_stelvio-quadrifoglio
03-29-19T21:55:38 - DEBUG - Found Make Model Combo: /cars/alfa-romeo_stelvio
03-29-19T21:55:38 - DEBUG - Found Make Model Combo: /cars/alfa-romeo_4c-spider
03-29-19T21:55:38 - DEBUG - Found Make Model Combo: /cars/aston-martin_db11
03-29-19T21:55:38 - DEBUG - Found Make Model Combo: /cars/aston-martin_vantage
03-29-19T21:55:38 - DEBUG - Found Make Model Combo: /cars/aston-martin_vanquish
03-29-19T21:55:38 - DEBUG - Found Make Model Combo: /cars/aston-martin_dbs
03-29-19T21:55:39 - DEBUG - Found Make Model Combo: /cars/audi_a6
03-29-19T21:55:39 - DEBUG - Found Make Model Combo: /cars/audi_a7
03-29-19T21:55:39 - DEBUG - Found Make Model Combo: /cars/audi_e-tron
03-29-19T21:55:39 - DEBUG - Found Make Model Combo: /cars/audi_q3
03-29-19T21:55:39 - DEBUG - Found Make Model Combo: /cars/audi_q8
03-29-19T21:55:39 - DEBUG - Found Make Model Combo: /cars/audi_s3
03-29-19T21:55:39 - DEBUG - Found Make Model Combo: /cars/audi_q5
03-29-19T21:55:39 - DEBUG - Found Make Model Combo: /cars/audi_s7
03-29-19T21:55:39 - DEBUG - Found Make Model Combo: /cars/audi_s4
03-29-19T21:55:39 - DEBUG - Found Make Model Combo: /cars/audi_q7
03-29-19T21:55:39 - DEBUG - Found Make Model Combo: /cars/audi_a4
03-29-19T21:55:39 - DEBUG - Found Make Model Combo: /cars/audi_s6
03-29-19T21:55:39 - DEBUG - Found Make Model Combo: /cars/audi_a5
03-29-19T21:55:39 - DEBUG - Found Make Model Combo: /cars/audi_rs-5
03-29-19T21:55:39 - DEBUG - Found Make Model Combo: /cars/audi_a3
03-29-19T21:55:39 - DEBUG - Found Make Model Combo: /cars/audi_a5-sportback
03-29-19T21:55:39 - DEBUG - Found Make Model Combo: /cars/audi_sq5
03-29-19T21:55:39 - DEBUG - Found Make Model Combo: /cars/audi_rs-3
03-29-19T21:55:39 - DEBUG - Found Make Model Combo: /cars/audi_s5-coupe
03-29-19T21:55:39 - DEBUG - Found Make Model Combo: /cars/audi_a3-sedan
03-29-19T21:55:39 - DEBUG - Found Make Model Combo: /cars/audi_s5-sportback
03-29-19T21:55:39 - DEBUG - Found Make Model Combo: /cars/audi_a4-allroad
03-29-19T21:55:39 - DEBUG - Found Make Model Combo: /cars/audi_a3-sportback-e-tron
03-29-19T21:55:39 - DEBUG - Found Make Model Combo: /cars/audi_a3-cabriolet
03-29-19T21:55:39 - DEBUG - Found Make Model Combo: /cars/audi_s5-cabriolet
03-29-19T21:55:39 - DEBUG - Found Make Model Combo: /cars/audi_rs-7
03-29-19T21:55:39 - DEBUG - Found Make Model Combo: /cars/audi_tt
03-29-19T21:55:39 - DEBUG - Found Make Model Combo: /cars/audi_a8-l
03-29-19T21:55:39 - DEBUG - Found Make Model Combo: /cars/audi_s8-plus
03-29-19T21:55:39 - DEBUG - Found Make Model Combo: /cars/audi_r8-coupe
03-29-19T21:55:39 - DEBUG - Found Make Model Combo: /cars/audi_r8-spyder
03-29-19T21:55:39 - DEBUG - Found Make Model Combo: /cars/audi_tt-coupe
03-29-19T21:55:39 - DEBUG - Found Make Model Combo: /cars/audi_rs-5-coupe
03-29-19T21:55:39 - DEBUG - Found Make Model Combo: /cars/audi_tts
03-29-19T21:55:39 - DEBUG - Found Make Model Combo: /cars/audi_rs-5-sportback
03-29-19T21:55:39 - DEBUG - Found Make Model Combo: /cars/audi_tt-roadster
03-29-19T21:55:39 - DEBUG - Found Make Model Combo: /cars/bentley_bentayga
03-29-19T21:55:39 - DEBUG - Found Make Model Combo: /cars/bentley_continental-gt
03-29-19T21:55:39 - DEBUG - Found Make Model Combo: /cars/bentley_flying-spur
03-29-19T21:55:39 - DEBUG - Found Make Model Combo: /cars/bentley_mulsanne
03-29-19T21:55:39 - DEBUG - Found Make Model Combo: /cars/bmw_3-series
03-29-19T21:55:39 - DEBUG - Found Make Model Combo: /cars/bmw_x5-series
03-29-19T21:55:39 - DEBUG - Found Make Model Combo: /cars/bmw_x3-series
03-29-19T21:55:39 - DEBUG - Found Make Model Combo: /cars/bmw_i8
03-29-19T21:55:39 - DEBUG - Found Make Model Combo: /cars/bmw_8-series
03-29-19T21:55:39 - DEBUG - Found Make Model Combo: /cars/bmw_m3
03-29-19T21:55:39 - DEBUG - Found Make Model Combo: /cars/bmw_x7
03-29-19T21:55:39 - DEBUG - Found Make Model Combo: /cars/bmw_5-series
03-29-19T21:55:39 - DEBUG - Found Make Model Combo: /cars/bmw_x1
03-29-19T21:55:39 - DEBUG - Found Make Model Combo: /cars/bmw_4-series
03-29-19T21:55:39 - DEBUG - Found Make Model Combo: /cars/bmw_x4
03-29-19T21:55:39 - DEBUG - Found Make Model Combo: /cars/bmw_z4-series
03-29-19T21:55:39 - DEBUG - Found Make Model Combo: /cars/bmw_m4
03-29-19T21:55:39 - DEBUG - Found Make Model Combo: /cars/bmw_m2
03-29-19T21:55:39 - DEBUG - Found Make Model Combo: /cars/bmw_x6-series
03-29-19T21:55:39 - DEBUG - Found Make Model Combo: /cars/bmw_i3
03-29-19T21:55:39 - DEBUG - Found Make Model Combo: /cars/bmw_7-series
03-29-19T21:55:39 - DEBUG - Found Make Model Combo: /cars/bmw_6-series
03-29-19T21:55:39 - DEBUG - Found Make Model Combo: /cars/bmw_2-series
03-29-19T21:55:39 - DEBUG - Found Make Model Combo: /cars/bmw_m5
03-29-19T21:55:39 - DEBUG - Found Make Model Combo: /cars/bmw_m6
03-29-19T21:55:39 - DEBUG - Found Make Model Combo: /cars/bmw_x2
03-29-19T21:55:39 - DEBUG - Found Make Model Combo: /cars/buick_encore
03-29-19T21:55:39 - DEBUG - Found Make Model Combo: /cars/buick_enclave
03-29-19T21:55:39 - DEBUG - Found Make Model Combo: /cars/buick_lacrosse
03-29-19T21:55:39 - DEBUG - Found Make Model Combo: /cars/buick_regal
03-29-19T21:55:39 - DEBUG - Found Make Model Combo: /cars/buick_cascada
03-29-19T21:55:39 - DEBUG - Found Make Model Combo: /cars/buick_envision
03-29-19T21:55:39 - DEBUG - Found Make Model Combo: /cars/buick_regal-tourx
03-29-19T21:55:39 - DEBUG - Found Make Model Combo: /cars/buick_regal-sportback
03-29-19T21:55:39 - DEBUG - Found Make Model Combo: /cars/cadillac_xt4
03-29-19T21:55:39 - DEBUG - Found Make Model Combo: /cars/cadillac_escalade
03-29-19T21:55:39 - DEBUG - Found Make Model Combo: /cars/cadillac_ats
03-29-19T21:55:39 - DEBUG - Found Make Model Combo: /cars/cadillac_xt5
03-29-19T21:55:39 - DEBUG - Found Make Model Combo: /cars/cadillac_ct6
03-29-19T21:55:39 - DEBUG - Found Make Model Combo: /cars/cadillac_xts
03-29-19T21:55:39 - DEBUG - Found Make Model Combo: /cars/cadillac_xt6
03-29-19T21:55:39 - DEBUG - Found Make Model Combo: /cars/cadillac_cts
03-29-19T21:55:39 - DEBUG - Found Make Model Combo: /cars/cadillac_ats-v
03-29-19T21:55:39 - DEBUG - Found Make Model Combo: /cars/cadillac_cts-v
03-29-19T21:55:39 - DEBUG - Found Make Model Combo: /cars/cadillac_escalade-esv
03-29-19T21:55:39 - DEBUG - Found Make Model Combo: /cars/cadillac_xt5-crossover
03-29-19T21:55:39 - DEBUG - Found Make Model Combo: /cars/cadillac_ct5
03-29-19T21:55:39 - DEBUG - Found Make Model Combo: /cars/cadillac_ats-coupe
03-29-19T21:55:39 - DEBUG - Found Make Model Combo: /cars/cadillac_ats-sedan
03-29-19T21:55:39 - DEBUG - Found Make Model Combo: /cars/cadillac_ats-v-coupe
03-29-19T21:55:39 - DEBUG - Found Make Model Combo: /cars/cadillac_ats-v-sedan
03-29-19T21:55:39 - DEBUG - Found Make Model Combo: /cars/cadillac_ct6-v
03-29-19T21:55:40 - DEBUG - Found Make Model Combo: /cars/chevrolet_silverado-1500
03-29-19T21:55:40 - DEBUG - Found Make Model Combo: /cars/chevrolet_blazer
03-29-19T21:55:40 - DEBUG - Found Make Model Combo: /cars/chevrolet_corvette
03-29-19T21:55:40 - DEBUG - Found Make Model Combo: /cars/chevrolet_camaro
03-29-19T21:55:40 - DEBUG - Found Make Model Combo: /cars/chevrolet_colorado
03-29-19T21:55:40 - DEBUG - Found Make Model Combo: /cars/chevrolet_volt
03-29-19T21:55:40 - DEBUG - Found Make Model Combo: /cars/chevrolet_equinox
03-29-19T21:55:40 - DEBUG - Found Make Model Combo: /cars/chevrolet_traverse
03-29-19T21:55:40 - DEBUG - Found Make Model Combo: /cars/chevrolet_malibu
03-29-19T21:55:40 - DEBUG - Found Make Model Combo: /cars/chevrolet_cruze
03-29-19T21:55:40 - DEBUG - Found Make Model Combo: /cars/chevrolet_spark
03-29-19T21:55:40 - DEBUG - Found Make Model Combo: /cars/chevrolet_tahoe
03-29-19T21:55:40 - DEBUG - Found Make Model Combo: /cars/chevrolet_suburban
03-29-19T21:55:40 - DEBUG - Found Make Model Combo: /cars/chevrolet_bolt
03-29-19T21:55:40 - DEBUG - Found Make Model Combo: /cars/chevrolet_impala
03-29-19T21:55:40 - DEBUG - Found Make Model Combo: /cars/chevrolet_trax
03-29-19T21:55:40 - DEBUG - Found Make Model Combo: /cars/chevrolet_silverado-2500hd
03-29-19T21:55:40 - DEBUG - Found Make Model Combo: /cars/chevrolet_sonic
03-29-19T21:55:40 - DEBUG - Found Make Model Combo: /cars/chevrolet_silverado-1500-ld
03-29-19T21:55:40 - DEBUG - Found Make Model Combo: /cars/chevrolet_express-passenger
03-29-19T21:55:40 - DEBUG - Found Make Model Combo: /cars/chevrolet_city-express-cargo-van
03-29-19T21:55:40 - DEBUG - Found Make Model Combo: /cars/chrysler_pacifica
03-29-19T21:55:40 - DEBUG - Found Make Model Combo: /cars/chrysler_pacifica-hybrid
03-29-19T21:55:40 - DEBUG - Found Make Model Combo: /cars/chrysler_300
03-29-19T21:55:40 - DEBUG - Found Make Model Combo: /cars/dodge_challenger
03-29-19T21:55:40 - DEBUG - Found Make Model Combo: /cars/dodge_durango
03-29-19T21:55:40 - DEBUG - Found Make Model Combo: /cars/dodge_charger
03-29-19T21:55:40 - DEBUG - Found Make Model Combo: /cars/dodge_journey
03-29-19T21:55:40 - DEBUG - Found Make Model Combo: /cars/dodge_grand-caravan
03-29-19T21:55:40 - DEBUG - Found Make Model Combo: /cars/ferrari_488-gtb
03-29-19T21:55:40 - DEBUG - Found Make Model Combo: /cars/ferrari_488-spider
03-29-19T21:55:40 - DEBUG - Found Make Model Combo: /cars/ferrari_california-t
03-29-19T21:55:40 - DEBUG - Found Make Model Combo: /cars/ferrari_812-superfast
03-29-19T21:55:40 - DEBUG - Found Make Model Combo: /cars/ferrari_gtc4lusso
03-29-19T21:55:40 - DEBUG - Found Make Model Combo: /cars/fiat_500x
03-29-19T21:55:40 - DEBUG - Found Make Model Combo: /cars/fiat_124-spyder
03-29-19T21:55:40 - DEBUG - Found Make Model Combo: /cars/fiat_500
03-29-19T21:55:40 - DEBUG - Found Make Model Combo: /cars/fiat_500l
03-29-19T21:55:40 - DEBUG - Found Make Model Combo: /cars/fiat_500e
03-29-19T21:55:40 - DEBUG - Found Make Model Combo: /cars/ford_ranger
03-29-19T21:55:40 - DEBUG - Found Make Model Combo: /cars/ford_f-150
03-29-19T21:55:40 - DEBUG - Found Make Model Combo: /cars/ford_mustang
03-29-19T21:55:40 - DEBUG - Found Make Model Combo: /cars/ford_explorer
03-29-19T21:55:40 - DEBUG - Found Make Model Combo: /cars/ford_escape
03-29-19T21:55:40 - DEBUG - Found Make Model Combo: /cars/ford_edge
03-29-19T21:55:40 - DEBUG - Found Make Model Combo: /cars/ford_focus
03-29-19T21:55:40 - DEBUG - Found Make Model Combo: /cars/ford_ecosport
03-29-19T21:55:40 - DEBUG - Found Make Model Combo: /cars/ford_fusion
03-29-19T21:55:40 - DEBUG - Found Make Model Combo: /cars/ford_expedition
03-29-19T21:55:40 - DEBUG - Found Make Model Combo: /cars/ford_super-duty-f-250
03-29-19T21:55:40 - DEBUG - Found Make Model Combo: /cars/ford_fusion-energi
03-29-19T21:55:40 - DEBUG - Found Make Model Combo: /cars/ford_transit-connect-wagon
03-29-19T21:55:40 - DEBUG - Found Make Model Combo: /cars/ford_gt
03-29-19T21:55:40 - DEBUG - Found Make Model Combo: /cars/ford_taurus
03-29-19T21:55:40 - DEBUG - Found Make Model Combo: /cars/ford_fusion-hybrid
03-29-19T21:55:40 - DEBUG - Found Make Model Combo: /cars/ford_transit-passenger-wagon
03-29-19T21:55:40 - DEBUG - Found Make Model Combo: /cars/ford_fiesta
03-29-19T21:55:40 - DEBUG - Found Make Model Combo: /cars/ford_flex
03-29-19T21:55:40 - DEBUG - Found Make Model Combo: /cars/ford_transit-van
03-29-19T21:55:40 - DEBUG - Found Make Model Combo: /cars/ford_transit-connect-van
03-29-19T21:55:40 - DEBUG - Found Make Model Combo: /cars/ford_expedition-max
03-29-19T21:55:40 - DEBUG - Found Make Model Combo: /cars/ford_special-service-plug-in-hybrid
03-29-19T21:55:40 - DEBUG - Found Make Model Combo: /cars/ford_transit-cutaway
03-29-19T21:55:40 - DEBUG - Found Make Model Combo: /cars/ford_transit-chassis
03-29-19T21:55:40 - DEBUG - Found Make Model Combo: /cars/genesis_g70
03-29-19T21:55:40 - DEBUG - Found Make Model Combo: /cars/genesis_g80
03-29-19T21:55:40 - DEBUG - Found Make Model Combo: /cars/genesis_g90
03-29-19T21:55:40 - DEBUG - Found Make Model Combo: /cars/gmc_sierra-1500
03-29-19T21:55:40 - DEBUG - Found Make Model Combo: /cars/gmc_acadia
03-29-19T21:55:40 - DEBUG - Found Make Model Combo: /cars/gmc_terrain
03-29-19T21:55:40 - DEBUG - Found Make Model Combo: /cars/gmc_yukon
03-29-19T21:55:40 - DEBUG - Found Make Model Combo: /cars/gmc_canyon
03-29-19T21:55:40 - DEBUG - Found Make Model Combo: /cars/gmc_sierra-2500hd
03-29-19T21:55:40 - DEBUG - Found Make Model Combo: /cars/gmc_sierra-1500-limited
03-29-19T21:55:40 - DEBUG - Found Make Model Combo: /cars/gmc_savana-passenger
03-29-19T21:55:40 - DEBUG - Found Make Model Combo: /cars/gmc_yukon-xl
03-29-19T21:55:41 - DEBUG - Found Make Model Combo: /cars/honda_cr-v
03-29-19T21:55:41 - DEBUG - Found Make Model Combo: /cars/honda_insight
03-29-19T21:55:41 - DEBUG - Found Make Model Combo: /cars/honda_civic-sdn
03-29-19T21:55:41 - DEBUG - Found Make Model Combo: /cars/honda_pilot
03-29-19T21:55:41 - DEBUG - Found Make Model Combo: /cars/honda_odyssey
03-29-19T21:55:41 - DEBUG - Found Make Model Combo: /cars/honda_passport
03-29-19T21:55:41 - DEBUG - Found Make Model Combo: /cars/honda_hr-v
03-29-19T21:55:41 - DEBUG - Found Make Model Combo: /cars/honda_fit
03-29-19T21:55:41 - DEBUG - Found Make Model Combo: /cars/honda_ridgeline
03-29-19T21:55:41 - DEBUG - Found Make Model Combo: /cars/honda_accord-sdn
03-29-19T21:55:41 - DEBUG - Found Make Model Combo: /cars/honda_fcx-clarity
03-29-19T21:55:41 - DEBUG - Found Make Model Combo: /cars/honda_accord-hybrid
03-29-19T21:55:41 - DEBUG - Found Make Model Combo: /cars/honda_civic-hatchback
03-29-19T21:55:41 - DEBUG - Found Make Model Combo: /cars/honda_clarity-plug-in-hybrid
03-29-19T21:55:41 - DEBUG - Found Make Model Combo: /cars/honda_civic-si-sedan
03-29-19T21:55:41 - DEBUG - Found Make Model Combo: /cars/honda_civic-type-r
03-29-19T21:55:41 - DEBUG - Found Make Model Combo: /cars/honda_clarity-electric
03-29-19T21:55:41 - DEBUG - Found Make Model Combo: /cars/honda_civic-si-coupe
03-29-19T21:55:41 - DEBUG - Found Make Model Combo: /cars/hyundai_santa-fe
03-29-19T21:55:41 - DEBUG - Found Make Model Combo: /cars/hyundai_tucson
03-29-19T21:55:41 - DEBUG - Found Make Model Combo: /cars/hyundai_kona-electric
03-29-19T21:55:41 - DEBUG - Found Make Model Combo: /cars/hyundai_veloster
03-29-19T21:55:41 - DEBUG - Found Make Model Combo: /cars/hyundai_ioniq
03-29-19T21:55:41 - DEBUG - Found Make Model Combo: /cars/hyundai_elantra
03-29-19T21:55:41 - DEBUG - Found Make Model Combo: /cars/hyundai_santa-fe-sport
03-29-19T21:55:41 - DEBUG - Found Make Model Combo: /cars/hyundai_palisade
03-29-19T21:55:41 - DEBUG - Found Make Model Combo: /cars/hyundai_sonata
03-29-19T21:55:41 - DEBUG - Found Make Model Combo: /cars/hyundai_kona
03-29-19T21:55:41 - DEBUG - Found Make Model Combo: /cars/hyundai_accent
03-29-19T21:55:41 - DEBUG - Found Make Model Combo: /cars/hyundai_ioniq-electric
03-29-19T21:55:41 - DEBUG - Found Make Model Combo: /cars/hyundai_nexo
03-29-19T21:55:41 - DEBUG - Found Make Model Combo: /cars/hyundai_santa-fe-xl
03-29-19T21:55:41 - DEBUG - Found Make Model Combo: /cars/hyundai_ioniq-hybrid
03-29-19T21:55:41 - DEBUG - Found Make Model Combo: /cars/hyundai_sonata-hybrid
03-29-19T21:55:41 - DEBUG - Found Make Model Combo: /cars/hyundai_kona-ev
03-29-19T21:55:41 - DEBUG - Found Make Model Combo: /cars/hyundai_ioniq-plug-in-hybrid
03-29-19T21:55:41 - DEBUG - Found Make Model Combo: /cars/infiniti_qx50
03-29-19T21:55:41 - DEBUG - Found Make Model Combo: /cars/infiniti_qx60
03-29-19T21:55:41 - DEBUG - Found Make Model Combo: /cars/infiniti_qx80
03-29-19T21:55:41 - DEBUG - Found Make Model Combo: /cars/infiniti_q50
03-29-19T21:55:41 - DEBUG - Found Make Model Combo: /cars/infiniti_q70
03-29-19T21:55:41 - DEBUG - Found Make Model Combo: /cars/infiniti_q60
03-29-19T21:55:41 - DEBUG - Found Make Model Combo: /cars/infiniti_qx30
03-29-19T21:55:41 - DEBUG - Found Make Model Combo: /cars/infiniti_q70l
03-29-19T21:55:41 - DEBUG - Found Make Model Combo: /cars/jaguar_i-pace
03-29-19T21:55:41 - DEBUG - Found Make Model Combo: /cars/jaguar_f-pace
03-29-19T21:55:41 - DEBUG - Found Make Model Combo: /cars/jaguar_f-type
03-29-19T21:55:41 - DEBUG - Found Make Model Combo: /cars/jaguar_xe
03-29-19T21:55:41 - DEBUG - Found Make Model Combo: /cars/jaguar_xf
03-29-19T21:55:41 - DEBUG - Found Make Model Combo: /cars/jaguar_xj
03-29-19T21:55:41 - DEBUG - Found Make Model Combo: /cars/jaguar_e-pace
03-29-19T21:55:41 - DEBUG - Found Make Model Combo: /cars/jaguar_xe-sv
03-29-19T21:55:41 - DEBUG - Found Make Model Combo: /cars/jeep_cherokee
03-29-19T21:55:41 - DEBUG - Found Make Model Combo: /cars/jeep_grand-cherokee
03-29-19T21:55:41 - DEBUG - Found Make Model Combo: /cars/jeep_wrangler
03-29-19T21:55:41 - DEBUG - Found Make Model Combo: /cars/jeep_compass
03-29-19T21:55:41 - DEBUG - Found Make Model Combo: /cars/jeep_wrangler-jk
03-29-19T21:55:41 - DEBUG - Found Make Model Combo: /cars/jeep_gladiator
03-29-19T21:55:41 - DEBUG - Found Make Model Combo: /cars/jeep_renegade
03-29-19T21:55:41 - DEBUG - Found Make Model Combo: /cars/jeep_wrangler-jk-unlimited
03-29-19T21:55:41 - DEBUG - Found Make Model Combo: /cars/kia_sorento
03-29-19T21:55:41 - DEBUG - Found Make Model Combo: /cars/kia_sportage
03-29-19T21:55:41 - DEBUG - Found Make Model Combo: /cars/kia_telluride
03-29-19T21:55:41 - DEBUG - Found Make Model Combo: /cars/kia_optima
03-29-19T21:55:41 - DEBUG - Found Make Model Combo: /cars/kia_niro
03-29-19T21:55:41 - DEBUG - Found Make Model Combo: /cars/kia_forte
03-29-19T21:55:41 - DEBUG - Found Make Model Combo: /cars/kia_soul
03-29-19T21:55:41 - DEBUG - Found Make Model Combo: /cars/kia_soul-ev
03-29-19T21:55:41 - DEBUG - Found Make Model Combo: /cars/kia_stinger
03-29-19T21:55:41 - DEBUG - Found Make Model Combo: /cars/kia_optima-hybrid
03-29-19T21:55:41 - DEBUG - Found Make Model Combo: /cars/kia_rio
03-29-19T21:55:41 - DEBUG - Found Make Model Combo: /cars/kia_k900
03-29-19T21:55:41 - DEBUG - Found Make Model Combo: /cars/kia_sedona
03-29-19T21:55:41 - DEBUG - Found Make Model Combo: /cars/kia_cadenza
03-29-19T21:55:42 - DEBUG - Found Make Model Combo: /cars/kia_forte5
03-29-19T21:55:42 - DEBUG - Found Make Model Combo: /cars/kia_niro-plug-in-hybrid
03-29-19T21:55:42 - DEBUG - Found Make Model Combo: /cars/kia_rio-5-door
03-29-19T21:55:42 - DEBUG - Found Make Model Combo: /cars/kia_optima-plug-in-hybrid
03-29-19T21:55:42 - DEBUG - Found Make Model Combo: /cars/lamborghini_urus
03-29-19T21:55:42 - DEBUG - Found Make Model Combo: /cars/lamborghini_aventador
03-29-19T21:55:42 - DEBUG - Found Make Model Combo: /cars/lamborghini_huaracan
03-29-19T21:55:42 - DEBUG - Found Make Model Combo: /cars/land-rover_range-rover
03-29-19T21:55:42 - DEBUG - Found Make Model Combo: /cars/land-rover_range-rover-sport
03-29-19T21:55:42 - DEBUG - Found Make Model Combo: /cars/land-rover_discovery-sport
03-29-19T21:55:42 - DEBUG - Found Make Model Combo: /cars/land-rover_range-rover-velar
03-29-19T21:55:42 - DEBUG - Found Make Model Combo: /cars/land-rover_discovery
03-29-19T21:55:42 - DEBUG - Found Make Model Combo: /cars/land-rover_range-rover-evoque
03-29-19T21:55:42 - DEBUG - Found Make Model Combo: /cars/lexus_ux
03-29-19T21:55:42 - DEBUG - Found Make Model Combo: /cars/lexus_es
03-29-19T21:55:42 - DEBUG - Found Make Model Combo: /cars/lexus_rx
03-29-19T21:55:42 - DEBUG - Found Make Model Combo: /cars/lexus_rc-f
03-29-19T21:55:42 - DEBUG - Found Make Model Combo: /cars/lexus_gx
03-29-19T21:55:42 - DEBUG - Found Make Model Combo: /cars/lexus_gs-f
03-29-19T21:55:42 - DEBUG - Found Make Model Combo: /cars/lexus_nx
03-29-19T21:55:42 - DEBUG - Found Make Model Combo: /cars/lexus_lx
03-29-19T21:55:42 - DEBUG - Found Make Model Combo: /cars/lexus_is
03-29-19T21:55:42 - DEBUG - Found Make Model Combo: /cars/lexus_gs
03-29-19T21:55:42 - DEBUG - Found Make Model Combo: /cars/lexus_rc
03-29-19T21:55:42 - DEBUG - Found Make Model Combo: /cars/lexus_ls
03-29-19T21:55:42 - DEBUG - Found Make Model Combo: /cars/lexus_lc
03-29-19T21:55:42 - DEBUG - Found Make Model Combo: /cars/lincoln_nautilus
03-29-19T21:55:42 - DEBUG - Found Make Model Combo: /cars/lincoln_mkc
03-29-19T21:55:42 - DEBUG - Found Make Model Combo: /cars/lincoln_continental
03-29-19T21:55:42 - DEBUG - Found Make Model Combo: /cars/lincoln_aviator
03-29-19T21:55:42 - DEBUG - Found Make Model Combo: /cars/lincoln_mkx
03-29-19T21:55:42 - DEBUG - Found Make Model Combo: /cars/lincoln_mkz
03-29-19T21:55:42 - DEBUG - Found Make Model Combo: /cars/lincoln_navigator
03-29-19T21:55:42 - DEBUG - Found Make Model Combo: /cars/lincoln_mkt
03-29-19T21:55:42 - DEBUG - Found Make Model Combo: /cars/lincoln_navigator-l
03-29-19T21:55:42 - DEBUG - Found Make Model Combo: /cars/lotus_evora
03-29-19T21:55:42 - DEBUG - Found Make Model Combo: /cars/maserati_ghibli
03-29-19T21:55:42 - DEBUG - Found Make Model Combo: /cars/maserati_levante
03-29-19T21:55:42 - DEBUG - Found Make Model Combo: /cars/maserati_granturismo
03-29-19T21:55:42 - DEBUG - Found Make Model Combo: /cars/maserati_quattroporte
03-29-19T21:55:42 - DEBUG - Found Make Model Combo: /cars/mazda_mazda3
03-29-19T21:55:42 - DEBUG - Found Make Model Combo: /cars/mazda_mazda6
03-29-19T21:55:42 - DEBUG - Found Make Model Combo: /cars/mazda_mx-5-miata
03-29-19T21:55:42 - DEBUG - Found Make Model Combo: /cars/mazda_cx-3
03-29-19T21:55:42 - DEBUG - Found Make Model Combo: /cars/mazda_cx-5
03-29-19T21:55:42 - DEBUG - Found Make Model Combo: /cars/mazda_cx-9
03-29-19T21:55:42 - DEBUG - Found Make Model Combo: /cars/mazda_mx-5-miata-rf
03-29-19T21:55:42 - DEBUG - Found Make Model Combo: /cars/mazda_mazda3-5-door
03-29-19T21:55:42 - DEBUG - Found Make Model Combo: /cars/mazda_mazda3-4-door
03-29-19T21:55:42 - DEBUG - Found Make Model Combo: /cars/mclaren_570gt
03-29-19T21:55:42 - DEBUG - Found Make Model Combo: /cars/mclaren_720s
03-29-19T21:55:42 - DEBUG - Found Make Model Combo: /cars/mclaren_570s
03-29-19T21:55:42 - DEBUG - Found Make Model Combo: /cars/mercedes-benz_a-class
03-29-19T21:55:42 - DEBUG - Found Make Model Combo: /cars/mercedes-benz_g-class
03-29-19T21:55:42 - DEBUG - Found Make Model Combo: /cars/mercedes-benz_c-class
03-29-19T21:55:42 - DEBUG - Found Make Model Combo: /cars/mercedes-benz_cla-class
03-29-19T21:55:42 - DEBUG - Found Make Model Combo: /cars/mercedes-benz_gle-class
03-29-19T21:55:42 - DEBUG - Found Make Model Combo: /cars/mercedes-benz_gls-class
03-29-19T21:55:42 - DEBUG - Found Make Model Combo: /cars/mercedes-benz_glc-class
03-29-19T21:55:42 - DEBUG - Found Make Model Combo: /cars/mercedes-benz_cls-class
03-29-19T21:55:42 - DEBUG - Found Make Model Combo: /cars/mercedes-benz_sprinter-passenger-van
03-29-19T21:55:42 - DEBUG - Found Make Model Combo: /cars/mercedes-benz_gla-class
03-29-19T21:55:42 - DEBUG - Found Make Model Combo: /cars/mercedes-benz_metris
03-29-19T21:55:42 - DEBUG - Found Make Model Combo: /cars/mercedes-benz_sl-class
03-29-19T21:55:42 - DEBUG - Found Make Model Combo: /cars/mercedes-benz_eqc
03-29-19T21:55:42 - DEBUG - Found Make Model Combo: /cars/mercedes-benz_e-class
03-29-19T21:55:42 - DEBUG - Found Make Model Combo: /cars/mercedes-benz_slc-class
03-29-19T21:55:42 - DEBUG - Found Make Model Combo: /cars/mercedes-benz_s-class
03-29-19T21:55:42 - DEBUG - Found Make Model Combo: /cars/mercedes-benz_amg-gt
03-29-19T21:55:42 - DEBUG - Found Make Model Combo: /cars/mini_cooper-hardtop
03-29-19T21:55:42 - DEBUG - Found Make Model Combo: /cars/mini_countryman
03-29-19T21:55:42 - DEBUG - Found Make Model Combo: /cars/mini_hardtop-2-door
03-29-19T21:55:42 - DEBUG - Found Make Model Combo: /cars/mini_clubman
03-29-19T21:55:43 - DEBUG - Found Make Model Combo: /cars/mini_hardtop-4-door
03-29-19T21:55:43 - DEBUG - Found Make Model Combo: /cars/mini_convertible
03-29-19T21:55:43 - DEBUG - Found Make Model Combo: /cars/mitsubishi_mirage
03-29-19T21:55:43 - DEBUG - Found Make Model Combo: /cars/mitsubishi_outlander
03-29-19T21:55:43 - DEBUG - Found Make Model Combo: /cars/mitsubishi_eclipse-sport-cross
03-29-19T21:55:43 - DEBUG - Found Make Model Combo: /cars/mitsubishi_outlander-sport
03-29-19T21:55:43 - DEBUG - Found Make Model Combo: /cars/mitsubishi_mirage-g4
03-29-19T21:55:43 - DEBUG - Found Make Model Combo: /cars/mitsubishi_outlander-phev
03-29-19T21:55:43 - DEBUG - Found Make Model Combo: /cars/nissan_leaf
03-29-19T21:55:43 - DEBUG - Found Make Model Combo: /cars/nissan_altima
03-29-19T21:55:43 - DEBUG - Found Make Model Combo: /cars/nissan_frontier
03-29-19T21:55:43 - DEBUG - Found Make Model Combo: /cars/nissan_rogue
03-29-19T21:55:43 - DEBUG - Found Make Model Combo: /cars/nissan_armada
03-29-19T21:55:43 - DEBUG - Found Make Model Combo: /cars/nissan_pathfinder
03-29-19T21:55:43 - DEBUG - Found Make Model Combo: /cars/nissan_titan
03-29-19T21:55:43 - DEBUG - Found Make Model Combo: /cars/nissan_murano
03-29-19T21:55:43 - DEBUG - Found Make Model Combo: /cars/nissan_kicks
03-29-19T21:55:43 - DEBUG - Found Make Model Combo: /cars/nissan_maxima
03-29-19T21:55:43 - DEBUG - Found Make Model Combo: /cars/nissan_370z
03-29-19T21:55:43 - DEBUG - Found Make Model Combo: /cars/nissan_versa
03-29-19T21:55:43 - DEBUG - Found Make Model Combo: /cars/nissan_sentra
03-29-19T21:55:43 - DEBUG - Found Make Model Combo: /cars/nissan_rogue-sport
03-29-19T21:55:43 - DEBUG - Found Make Model Combo: /cars/nissan_gt-r
03-29-19T21:55:43 - DEBUG - Found Make Model Combo: /cars/nissan_nv200
03-29-19T21:55:43 - DEBUG - Found Make Model Combo: /cars/nissan_370z-coupe
03-29-19T21:55:43 - DEBUG - Found Make Model Combo: /cars/nissan_370z-roadster
03-29-19T21:55:43 - DEBUG - Found Make Model Combo: /cars/nissan_nv
03-29-19T21:55:43 - DEBUG - Found Make Model Combo: /cars/porsche_cayenne
03-29-19T21:55:43 - DEBUG - Found Make Model Combo: /cars/porsche_macan
03-29-19T21:55:43 - DEBUG - Found Make Model Combo: /cars/porsche_panamera
03-29-19T21:55:43 - DEBUG - Found Make Model Combo: /cars/porsche_911-carrera
03-29-19T21:55:43 - DEBUG - Found Make Model Combo: /cars/porsche_718
03-29-19T21:55:43 - DEBUG - Found Make Model Combo: /cars/porsche_718-cayman
03-29-19T21:55:43 - DEBUG - Found Make Model Combo: /cars/porsche_taycan
03-29-19T21:55:43 - DEBUG - Found Make Model Combo: /cars/ram_1500
03-29-19T21:55:43 - DEBUG - Found Make Model Combo: /cars/ram_2500
03-29-19T21:55:43 - DEBUG - Found Make Model Combo: /cars/ram_promaster
03-29-19T21:55:43 - DEBUG - Found Make Model Combo: /cars/ram_promaster-city
03-29-19T21:55:43 - DEBUG - Found Make Model Combo: /cars/ram_1500-classic
03-29-19T21:55:43 - DEBUG - Found Make Model Combo: /cars/rolls-royce_cullinan
03-29-19T21:55:43 - DEBUG - Found Make Model Combo: /cars/rolls-royce_phantom
03-29-19T21:55:43 - DEBUG - Found Make Model Combo: /cars/rolls-royce_ghost
03-29-19T21:55:43 - DEBUG - Found Make Model Combo: /cars/rolls-royce_wraith
03-29-19T21:55:43 - DEBUG - Found Make Model Combo: /cars/rolls-royce_dawn
03-29-19T21:55:43 - DEBUG - Found Make Model Combo: /cars/smart_fortwo-electric-drive
03-29-19T21:55:43 - DEBUG - Found Make Model Combo: /cars/smart_fortwo
03-29-19T21:55:43 - DEBUG - Found Make Model Combo: /cars/smart_eq-fortwo
03-29-19T21:55:43 - DEBUG - Found Make Model Combo: /cars/subaru_forester
03-29-19T21:55:43 - DEBUG - Found Make Model Combo: /cars/subaru_ascent
03-29-19T21:55:43 - DEBUG - Found Make Model Combo: /cars/subaru_crosstrek
03-29-19T21:55:43 - DEBUG - Found Make Model Combo: /cars/subaru_outback
03-29-19T21:55:43 - DEBUG - Found Make Model Combo: /cars/subaru_wrx
03-29-19T21:55:43 - DEBUG - Found Make Model Combo: /cars/subaru_legacy
03-29-19T21:55:43 - DEBUG - Found Make Model Combo: /cars/subaru_impreza-sedan
03-29-19T21:55:43 - DEBUG - Found Make Model Combo: /cars/subaru_brz
03-29-19T21:55:43 - DEBUG - Found Make Model Combo: /cars/tesla_model-y
03-29-19T21:55:43 - DEBUG - Found Make Model Combo: /cars/tesla_model-x
03-29-19T21:55:43 - DEBUG - Found Make Model Combo: /cars/tesla_model-3
03-29-19T21:55:43 - DEBUG - Found Make Model Combo: /cars/tesla_model-s
03-29-19T21:55:43 - DEBUG - Found Make Model Combo: /cars/toyota_rav4
03-29-19T21:55:43 - DEBUG - Found Make Model Combo: /cars/toyota_corolla
03-29-19T21:55:43 - DEBUG - Found Make Model Combo: /cars/toyota_avalon
03-29-19T21:55:43 - DEBUG - Found Make Model Combo: /cars/toyota_tacoma
03-29-19T21:55:43 - DEBUG - Found Make Model Combo: /cars/toyota_c-hr
03-29-19T21:55:43 - DEBUG - Found Make Model Combo: /cars/toyota_4runner
03-29-19T21:55:43 - DEBUG - Found Make Model Combo: /cars/toyota_prius
03-29-19T21:55:43 - DEBUG - Found Make Model Combo: /cars/toyota_highlander
03-29-19T21:55:43 - DEBUG - Found Make Model Combo: /cars/toyota_yaris
03-29-19T21:55:43 - DEBUG - Found Make Model Combo: /cars/toyota_camry
03-29-19T21:55:44 - DEBUG - Found Make Model Combo: /cars/toyota_avalon-hybrid
03-29-19T21:55:44 - DEBUG - Found Make Model Combo: /cars/toyota_sienna
03-29-19T21:55:44 - DEBUG - Found Make Model Combo: /cars/toyota_land-cruiser
03-29-19T21:55:44 - DEBUG - Found Make Model Combo: /cars/toyota_86
03-29-19T21:55:44 - DEBUG - Found Make Model Combo: /cars/toyota_supra
03-29-19T21:55:44 - DEBUG - Found Make Model Combo: /cars/toyota_tundra
03-29-19T21:55:44 - DEBUG - Found Make Model Combo: /cars/toyota_prius-c
03-29-19T21:55:44 - DEBUG - Found Make Model Combo: /cars/toyota_sequoia
03-29-19T21:55:44 - DEBUG - Found Make Model Combo: /cars/toyota_corolla-hatchback
03-29-19T21:55:44 - DEBUG - Found Make Model Combo: /cars/toyota_yaris-ia
03-29-19T21:55:44 - DEBUG - Found Make Model Combo: /cars/toyota_yaris-sedan
03-29-19T21:55:44 - DEBUG - Found Make Model Combo: /cars/toyota_corolla-im
03-29-19T21:55:44 - DEBUG - Found Make Model Combo: /cars/toyota_mirai
03-29-19T21:55:44 - DEBUG - Found Make Model Combo: /cars/toyota_tacoma-4wd
03-29-19T21:55:44 - DEBUG - Found Make Model Combo: /cars/toyota_tacoma-2wd
03-29-19T21:55:44 - DEBUG - Found Make Model Combo: /cars/toyota_tundra-2wd
03-29-19T21:55:44 - DEBUG - Found Make Model Combo: /cars/volkswagen_jetta
03-29-19T21:55:44 - DEBUG - Found Make Model Combo: /cars/volkswagen_tiguan
03-29-19T21:55:44 - DEBUG - Found Make Model Combo: /cars/volkswagen_atlas
03-29-19T21:55:44 - DEBUG - Found Make Model Combo: /cars/volkswagen_passat
03-29-19T21:55:44 - DEBUG - Found Make Model Combo: /cars/volkswagen_golf
03-29-19T21:55:44 - DEBUG - Found Make Model Combo: /cars/volkswagen_beetle
03-29-19T21:55:44 - DEBUG - Found Make Model Combo: /cars/volkswagen_arteon
03-29-19T21:55:44 - DEBUG - Found Make Model Combo: /cars/volkswagen_tiguan-limited
03-29-19T21:55:44 - DEBUG - Found Make Model Combo: /cars/volkswagen_e-golf
03-29-19T21:55:44 - DEBUG - Found Make Model Combo: /cars/volkswagen_golf-alltrack
03-29-19T21:55:44 - DEBUG - Found Make Model Combo: /cars/volkswagen_golf-r
03-29-19T21:55:44 - DEBUG - Found Make Model Combo: /cars/volkswagen_jetta-gli
03-29-19T21:55:44 - DEBUG - Found Make Model Combo: /cars/volkswagen_beetle-convertible
03-29-19T21:55:44 - DEBUG - Found Make Model Combo: /cars/volvo_xc40
03-29-19T21:55:44 - DEBUG - Found Make Model Combo: /cars/volvo_xc60
03-29-19T21:55:44 - DEBUG - Found Make Model Combo: /cars/volvo_v60
03-29-19T21:55:44 - DEBUG - Found Make Model Combo: /cars/volvo_v90
03-29-19T21:55:44 - DEBUG - Found Make Model Combo: /cars/volvo_s60
03-29-19T21:55:44 - DEBUG - Found Make Model Combo: /cars/volvo_xc90
03-29-19T21:55:44 - DEBUG - Found Make Model Combo: /cars/volvo_s90
03-29-19T21:55:44 - DEBUG - Found Make Model Combo: /cars/volvo_v60-cross-country
03-29-19T21:55:44 - INFO - Found 432 Make & Model Combinations
03-29-19T21:55:44 - INFO - Returning make_menu_list
03-29-19T21:55:44 - CRITICAL - Wow made it through all the make and models!
03-29-19T21:55:44 - INFO - Trims Time
